<?xml version="1.0" encoding="UTF-8"?>
<!-- Generated by org.testng.reporters.JUnitReportReporter -->
<testsuite hostname="DESKTOP-KOIGVEC" failures="0" tests="3" name="com.eva.vtiger.testscripts.TestingTestng" time="0.030" errors="0" timestamp="2023-10-20T14:04:30 GMT-07:00" skipped="0">
  <testcase classname="com.eva.vtiger.testscripts.TestingTestng" name="ZmyTest" time="0.016"/>
  <testcase classname="com.eva.vtiger.testscripts.TestingTestng" name="test1" time="0.004"/>
  <testcase classname="com.eva.vtiger.testscripts.TestingTestng" name="atest2" time="0.010"/>
</testsuite> <!-- com.eva.vtiger.testscripts.TestingTestng -->
